<?xml version="1.0" encoding="UTF-8"?>
<!-- Generated by org.testng.reporters.JUnitReportReporter -->
<testsuite skipped="0" hostname="DESKTOP-8S455D7" name="com.comcast.orgtest.copy.OrgTest" tests="3" failures="0" timestamp="22 Sep 2021 10:11:02 GMT" time="0.001" errors="0">
  <testcase name="createOrgWithIndutriesTest" time="0.000" classname="com.comcast.orgtest.copy.OrgTest"/>
  <testcase name="deleteOrgTest" time="0.000" classname="com.comcast.orgtest.copy.OrgTest"/>
  <testcase name="createOrgTest" time="0.001" classname="com.comcast.orgtest.copy.OrgTest"/>
</testsuite> <!-- com.comcast.orgtest.copy.OrgTest -->
