<?xml version="1.0" encoding="UTF-8"?>
<!-- Generated by org.testng.reporters.JUnitReportReporter -->
<testsuite skipped="0" hostname="DESKTOP-8S455D7" name="com.comcast.conatcttest.ContactTest" tests="3" failures="0" timestamp="22 Sep 2021 10:11:02 GMT" time="0.012" errors="0">
  <testcase name="createConatctWithOrgTest" time="0.001" classname="com.comcast.conatcttest.ContactTest"/>
  <testcase name="deleteCoantctTest" time="0.000" classname="com.comcast.conatcttest.ContactTest"/>
  <testcase name="createConatctTest" time="0.011" classname="com.comcast.conatcttest.ContactTest"/>
</testsuite> <!-- com.comcast.conatcttest.ContactTest -->
