<?xml version="1.0" encoding="UTF-8"?>
<!-- Generated by org.testng.reporters.JUnitReportReporter -->
<testsuite hostname="DESKTOP-8S455D7" failures="0" tests="3" name="com.comcast.conatcttest.Contact" time="0.018" errors="0" timestamp="21 Sep 2021 11:16:00 GMT" skipped="0">
  <testcase classname="com.comcast.conatcttest.Contact" name="createConatctTest" time="0.012"/>
  <testcase classname="com.comcast.conatcttest.Contact" name="deleteCoantctTest" time="0.001"/>
  <testcase classname="com.comcast.conatcttest.Contact" name="createConatctWithOrgTest" time="0.005"/>
</testsuite> <!-- com.comcast.conatcttest.Contact -->
